<?xml version="1.0" encoding="UTF-8"?>
<!-- Generated by org.testng.reporters.JUnitXMLReporter -->
<testsuite ignored="0" hostname="BDC11-L-G35RTN2" failures="0" tests="7" name="Test" time="66.116" errors="0" timestamp="2021-04-07T12:10:32 IST">
  <testcase classname="com.Test.LoginTest" name="login" time="32.646"/>
  <testcase classname="com.Test.LoginTest" name="login1" time="6.27"/>
  <testcase classname="com.Test.LoginTest" name="login2" time="3.272"/>
  <testcase classname="com.Test.LoginTest" name="login3" time="3.353"/>
  <testcase classname="com.Test.LoginTest" name="login4" time="3.297"/>
  <testcase classname="com.Test.LoginTest" name="login5" time="3.649"/>
  <testcase classname="com.Test.LoginTest" name="login6" time="3.269"/>
</testsuite> <!-- Test -->
