<?xml version="1.0" encoding="UTF-8"?>
<testng-results ignored="0" total="7" passed="7" failed="0" skipped="0">
  <reporter-output>
  </reporter-output>
  <suite started-at="2021-04-07T12:09:26 IST" name="Suite" finished-at="2021-04-07T12:10:32 IST" duration-ms="66116">
    <groups>
    </groups>
    <test started-at="2021-04-07T12:09:26 IST" name="Test" finished-at="2021-04-07T12:10:32 IST" duration-ms="66116">
      <class name="com.Test.LoginTest">
        <test-method is-config="true" signature="reportInitiation()[pri:0, instance:com.Test.LoginTest@5276e6b0]" started-at="2021-04-07T12:09:26 IST" name="reportInitiation" finished-at="2021-04-07T12:09:26 IST" duration-ms="202" status="PASS">
          <reporter-output>
          </reporter-output>
        </test-method> <!-- reportInitiation -->
        <test-method is-config="true" signature="initializeDriver(java.lang.String)[pri:0, instance:com.Test.LoginTest@5276e6b0]" started-at="2021-04-07T12:09:26 IST" name="initializeDriver" description="initializing Driver" finished-at="2021-04-07T12:09:30 IST" duration-ms="3543" status="PASS">
          <params>
            <param index="0">
              <value>
                <![CDATA[chrome]]>
              </value>
            </param>
          </params>
          <reporter-output>
          </reporter-output>
        </test-method> <!-- initializeDriver -->
        <test-method is-config="true" signature="beforeTest()[pri:0, instance:com.Test.LoginTest@5276e6b0]" started-at="2021-04-07T12:09:30 IST" name="beforeTest" finished-at="2021-04-07T12:09:30 IST" duration-ms="3" status="PASS">
          <reporter-output>
          </reporter-output>
        </test-method> <!-- beforeTest -->
        <test-method signature="login()[pri:0, instance:com.Test.LoginTest@5276e6b0]" started-at="2021-04-07T12:09:30 IST" name="login" finished-at="2021-04-07T12:10:02 IST" duration-ms="32646" status="PASS">
          <reporter-output>
          </reporter-output>
        </test-method> <!-- login -->
        <test-method is-config="true" signature="tearDown(org.testng.ITestResult)[pri:0, instance:com.Test.LoginTest@5276e6b0]" started-at="2021-04-07T12:10:02 IST" name="tearDown" finished-at="2021-04-07T12:10:03 IST" duration-ms="906" status="PASS">
          <params>
            <param index="0">
              <value>
                <![CDATA[[TestResult name=login status=SUCCESS method=LoginTest.login()[pri:0, instance:com.Test.LoginTest@5276e6b0] output={null}]]]>
              </value>
            </param>
          </params>
          <reporter-output>
          </reporter-output>
        </test-method> <!-- tearDown -->
        <test-method signature="login1()[pri:0, instance:com.Test.LoginTest@5276e6b0]" started-at="2021-04-07T12:10:03 IST" name="login1" finished-at="2021-04-07T12:10:09 IST" depends-on-methods="com.Test.LoginTest.login" duration-ms="6270" status="PASS">
          <reporter-output>
          </reporter-output>
        </test-method> <!-- login1 -->
        <test-method is-config="true" signature="beforeTest()[pri:0, instance:com.Test.LoginTest@5276e6b0]" started-at="2021-04-07T12:10:03 IST" name="beforeTest" finished-at="2021-04-07T12:10:03 IST" duration-ms="0" status="PASS">
          <reporter-output>
          </reporter-output>
        </test-method> <!-- beforeTest -->
        <test-method is-config="true" signature="tearDown(org.testng.ITestResult)[pri:0, instance:com.Test.LoginTest@5276e6b0]" started-at="2021-04-07T12:10:09 IST" name="tearDown" finished-at="2021-04-07T12:10:10 IST" duration-ms="694" status="PASS">
          <params>
            <param index="0">
              <value>
                <![CDATA[[TestResult name=login1 status=SUCCESS method=LoginTest.login1()[pri:0, instance:com.Test.LoginTest@5276e6b0] output={null}]]]>
              </value>
            </param>
          </params>
          <reporter-output>
          </reporter-output>
        </test-method> <!-- tearDown -->
        <test-method is-config="true" signature="beforeTest()[pri:0, instance:com.Test.LoginTest@5276e6b0]" started-at="2021-04-07T12:10:10 IST" name="beforeTest" finished-at="2021-04-07T12:10:10 IST" duration-ms="0" status="PASS">
          <reporter-output>
          </reporter-output>
        </test-method> <!-- beforeTest -->
        <test-method signature="login2()[pri:0, instance:com.Test.LoginTest@5276e6b0]" started-at="2021-04-07T12:10:10 IST" name="login2" finished-at="2021-04-07T12:10:13 IST" depends-on-methods="com.Test.LoginTest.login1" duration-ms="3272" status="PASS">
          <reporter-output>
          </reporter-output>
        </test-method> <!-- login2 -->
        <test-method is-config="true" signature="tearDown(org.testng.ITestResult)[pri:0, instance:com.Test.LoginTest@5276e6b0]" started-at="2021-04-07T12:10:13 IST" name="tearDown" finished-at="2021-04-07T12:10:15 IST" duration-ms="1322" status="PASS">
          <params>
            <param index="0">
              <value>
                <![CDATA[[TestResult name=login2 status=SUCCESS method=LoginTest.login2()[pri:0, instance:com.Test.LoginTest@5276e6b0] output={null}]]]>
              </value>
            </param>
          </params>
          <reporter-output>
          </reporter-output>
        </test-method> <!-- tearDown -->
        <test-method is-config="true" signature="beforeTest()[pri:0, instance:com.Test.LoginTest@5276e6b0]" started-at="2021-04-07T12:10:15 IST" name="beforeTest" finished-at="2021-04-07T12:10:15 IST" duration-ms="1" status="PASS">
          <reporter-output>
          </reporter-output>
        </test-method> <!-- beforeTest -->
        <test-method signature="login3()[pri:0, instance:com.Test.LoginTest@5276e6b0]" started-at="2021-04-07T12:10:15 IST" name="login3" finished-at="2021-04-07T12:10:18 IST" depends-on-methods="com.Test.LoginTest.login2" duration-ms="3353" status="PASS">
          <reporter-output>
          </reporter-output>
        </test-method> <!-- login3 -->
        <test-method is-config="true" signature="tearDown(org.testng.ITestResult)[pri:0, instance:com.Test.LoginTest@5276e6b0]" started-at="2021-04-07T12:10:18 IST" name="tearDown" finished-at="2021-04-07T12:10:19 IST" duration-ms="806" status="PASS">
          <params>
            <param index="0">
              <value>
                <![CDATA[[TestResult name=login3 status=SUCCESS method=LoginTest.login3()[pri:0, instance:com.Test.LoginTest@5276e6b0] output={null}]]]>
              </value>
            </param>
          </params>
          <reporter-output>
          </reporter-output>
        </test-method> <!-- tearDown -->
        <test-method signature="login4()[pri:0, instance:com.Test.LoginTest@5276e6b0]" started-at="2021-04-07T12:10:19 IST" name="login4" finished-at="2021-04-07T12:10:22 IST" depends-on-methods="com.Test.LoginTest.login3" duration-ms="3297" status="PASS">
          <reporter-output>
          </reporter-output>
        </test-method> <!-- login4 -->
        <test-method is-config="true" signature="beforeTest()[pri:0, instance:com.Test.LoginTest@5276e6b0]" started-at="2021-04-07T12:10:19 IST" name="beforeTest" finished-at="2021-04-07T12:10:19 IST" duration-ms="0" status="PASS">
          <reporter-output>
          </reporter-output>
        </test-method> <!-- beforeTest -->
        <test-method is-config="true" signature="tearDown(org.testng.ITestResult)[pri:0, instance:com.Test.LoginTest@5276e6b0]" started-at="2021-04-07T12:10:22 IST" name="tearDown" finished-at="2021-04-07T12:10:23 IST" duration-ms="649" status="PASS">
          <params>
            <param index="0">
              <value>
                <![CDATA[[TestResult name=login4 status=SUCCESS method=LoginTest.login4()[pri:0, instance:com.Test.LoginTest@5276e6b0] output={null}]]]>
              </value>
            </param>
          </params>
          <reporter-output>
          </reporter-output>
        </test-method> <!-- tearDown -->
        <test-method signature="login5()[pri:0, instance:com.Test.LoginTest@5276e6b0]" started-at="2021-04-07T12:10:23 IST" name="login5" finished-at="2021-04-07T12:10:26 IST" depends-on-methods="com.Test.LoginTest.login4" duration-ms="3649" status="PASS">
          <reporter-output>
          </reporter-output>
        </test-method> <!-- login5 -->
        <test-method is-config="true" signature="beforeTest()[pri:0, instance:com.Test.LoginTest@5276e6b0]" started-at="2021-04-07T12:10:23 IST" name="beforeTest" finished-at="2021-04-07T12:10:23 IST" duration-ms="0" status="PASS">
          <reporter-output>
          </reporter-output>
        </test-method> <!-- beforeTest -->
        <test-method is-config="true" signature="tearDown(org.testng.ITestResult)[pri:0, instance:com.Test.LoginTest@5276e6b0]" started-at="2021-04-07T12:10:26 IST" name="tearDown" finished-at="2021-04-07T12:10:27 IST" duration-ms="716" status="PASS">
          <params>
            <param index="0">
              <value>
                <![CDATA[[TestResult name=login5 status=SUCCESS method=LoginTest.login5()[pri:0, instance:com.Test.LoginTest@5276e6b0] output={null}]]]>
              </value>
            </param>
          </params>
          <reporter-output>
          </reporter-output>
        </test-method> <!-- tearDown -->
        <test-method signature="login6()[pri:0, instance:com.Test.LoginTest@5276e6b0]" started-at="2021-04-07T12:10:27 IST" name="login6" finished-at="2021-04-07T12:10:30 IST" depends-on-methods="com.Test.LoginTest.login5" duration-ms="3269" status="PASS">
          <reporter-output>
          </reporter-output>
        </test-method> <!-- login6 -->
        <test-method is-config="true" signature="beforeTest()[pri:0, instance:com.Test.LoginTest@5276e6b0]" started-at="2021-04-07T12:10:27 IST" name="beforeTest" finished-at="2021-04-07T12:10:27 IST" duration-ms="0" status="PASS">
          <reporter-output>
          </reporter-output>
        </test-method> <!-- beforeTest -->
        <test-method is-config="true" signature="tearDown(org.testng.ITestResult)[pri:0, instance:com.Test.LoginTest@5276e6b0]" started-at="2021-04-07T12:10:30 IST" name="tearDown" finished-at="2021-04-07T12:10:31 IST" duration-ms="721" status="PASS">
          <params>
            <param index="0">
              <value>
                <![CDATA[[TestResult name=login6 status=SUCCESS method=LoginTest.login6()[pri:0, instance:com.Test.LoginTest@5276e6b0] output={null}]]]>
              </value>
            </param>
          </params>
          <reporter-output>
          </reporter-output>
        </test-method> <!-- tearDown -->
        <test-method is-config="true" signature="closeBrowser()[pri:0, instance:com.Test.LoginTest@5276e6b0]" started-at="2021-04-07T12:10:31 IST" name="closeBrowser" finished-at="2021-04-07T12:10:32 IST" duration-ms="743" status="PASS">
          <reporter-output>
          </reporter-output>
        </test-method> <!-- closeBrowser -->
      </class> <!-- com.Test.LoginTest -->
    </test> <!-- Test -->
  </suite> <!-- Suite -->
</testng-results>
